2025-08-20T12:49:28.769+09:00  INFO 13100 --- [k5_iot_springboot] [main] c.e.k.K5IotSpringbootApplication         : Starting K5IotSpringbootApplication using Java 17.0.12 with PID 13100 (C:\_김태양\k5_iot_springboot\build\classes\java\main started by user in C:\_김태양\k5_iot_springboot)
2025-08-20T12:49:28.771+09:00  INFO 13100 --- [k5_iot_springboot] [main] c.e.k.K5IotSpringbootApplication         : No active profile set, falling back to 1 default profile: "default"
2025-08-20T12:49:29.241+09:00  INFO 13100 --- [k5_iot_springboot] [main] .s.d.r.c.RepositoryConfigurationDelegate : Bootstrapping Spring Data JPA repositories in DEFAULT mode.
2025-08-20T12:49:29.295+09:00  INFO 13100 --- [k5_iot_springboot] [main] .s.d.r.c.RepositoryConfigurationDelegate : Finished Spring Data repository scanning in 48 ms. Found 5 JPA repository interfaces.
2025-08-20T12:49:29.587+09:00  INFO 13100 --- [k5_iot_springboot] [main] o.s.b.w.embedded.tomcat.TomcatWebServer  : Tomcat initialized with port 8080 (http)
2025-08-20T12:49:29.595+09:00  INFO 13100 --- [k5_iot_springboot] [main] o.apache.catalina.core.StandardService   : Starting service [Tomcat]
2025-08-20T12:49:29.596+09:00  INFO 13100 --- [k5_iot_springboot] [main] o.apache.catalina.core.StandardEngine    : Starting Servlet engine: [Apache Tomcat/10.1.43]
2025-08-20T12:49:29.629+09:00  INFO 13100 --- [k5_iot_springboot] [main] o.a.c.c.C.[Tomcat].[localhost].[/]       : Initializing Spring embedded WebApplicationContext
2025-08-20T12:49:29.630+09:00  INFO 13100 --- [k5_iot_springboot] [main] w.s.c.ServletWebServerApplicationContext : Root WebApplicationContext: initialization completed in 824 ms
2025-08-20T12:49:29.781+09:00  INFO 13100 --- [k5_iot_springboot] [main] o.hibernate.jpa.internal.util.LogHelper  : HHH000204: Processing PersistenceUnitInfo [name: default]
2025-08-20T12:49:29.821+09:00  INFO 13100 --- [k5_iot_springboot] [main] org.hibernate.Version                    : HHH000412: Hibernate ORM core version 6.6.22.Final
2025-08-20T12:49:29.844+09:00  INFO 13100 --- [k5_iot_springboot] [main] o.h.c.internal.RegionFactoryInitiator    : HHH000026: Second-level cache disabled
2025-08-20T12:49:30.044+09:00  INFO 13100 --- [k5_iot_springboot] [main] o.s.o.j.p.SpringPersistenceUnitInfo      : No LoadTimeWeaver setup: ignoring JPA class transformer
2025-08-20T12:49:30.065+09:00  INFO 13100 --- [k5_iot_springboot] [main] com.zaxxer.hikari.HikariDataSource       : HikariPool-1 - Starting...
2025-08-20T12:49:30.273+09:00  INFO 13100 --- [k5_iot_springboot] [main] com.zaxxer.hikari.pool.HikariPool        : HikariPool-1 - Added connection com.mysql.cj.jdbc.ConnectionImpl@1805ec96
2025-08-20T12:49:30.275+09:00  INFO 13100 --- [k5_iot_springboot] [main] com.zaxxer.hikari.HikariDataSource       : HikariPool-1 - Start completed.
2025-08-20T12:49:30.328+09:00  INFO 13100 --- [k5_iot_springboot] [main] org.hibernate.orm.connections.pooling    : HHH10001005: Database info:
	Database JDBC URL [Connecting through datasource 'HikariDataSource (HikariPool-1)']
	Database driver: undefined/unknown
	Database version: 8.0.43
	Autocommit mode: undefined/unknown
	Isolation level: undefined/unknown
	Minimum pool size: undefined/unknown
	Maximum pool size: undefined/unknown
2025-08-20T12:49:30.956+09:00  INFO 13100 --- [k5_iot_springboot] [main] o.h.e.t.j.p.i.JtaPlatformInitiator       : HHH000489: No JTA platform available (set 'hibernate.transaction.jta.platform' to enable JTA platform integration)
2025-08-20T12:49:30.988+09:00  INFO 13100 --- [k5_iot_springboot] [main] j.LocalContainerEntityManagerFactoryBean : Initialized JPA EntityManagerFactory for persistence unit 'default'
2025-08-20T12:49:31.267+09:00  INFO 13100 --- [k5_iot_springboot] [main] o.s.d.j.r.query.QueryEnhancerFactory     : Hibernate is in classpath; If applicable, HQL parser will be used.
2025-08-20T12:49:31.762+09:00  WARN 13100 --- [k5_iot_springboot] [main] JpaBaseConfiguration$JpaWebConfiguration : spring.jpa.open-in-view is enabled by default. Therefore, database queries may be performed during view rendering. Explicitly configure spring.jpa.open-in-view to disable this warning
2025-08-20T12:49:31.985+09:00  INFO 13100 --- [k5_iot_springboot] [main] o.s.b.w.embedded.tomcat.TomcatWebServer  : Tomcat started on port 8080 (http) with context path '/'
2025-08-20T12:49:31.992+09:00  INFO 13100 --- [k5_iot_springboot] [main] c.e.k.K5IotSpringbootApplication         : Started K5IotSpringbootApplication in 3.598 seconds (process running for 4.144)
2025-08-20T12:50:02.007+09:00  INFO 13100 --- [k5_iot_springboot] [SpringApplicationShutdownHook] o.s.b.w.e.tomcat.GracefulShutdown        : Commencing graceful shutdown. Waiting for active requests to complete
2025-08-20T12:50:02.032+09:00  INFO 13100 --- [k5_iot_springboot] [tomcat-shutdown] o.s.b.w.e.tomcat.GracefulShutdown        : Graceful shutdown complete
2025-08-20T12:50:02.035+09:00  INFO 13100 --- [k5_iot_springboot] [SpringApplicationShutdownHook] j.LocalContainerEntityManagerFactoryBean : Closing JPA EntityManagerFactory for persistence unit 'default'
2025-08-20T12:50:02.036+09:00  INFO 13100 --- [k5_iot_springboot] [SpringApplicationShutdownHook] com.zaxxer.hikari.HikariDataSource       : HikariPool-1 - Shutdown initiated...
2025-08-20T12:50:02.040+09:00  INFO 13100 --- [k5_iot_springboot] [SpringApplicationShutdownHook] com.zaxxer.hikari.HikariDataSource       : HikariPool-1 - Shutdown completed.
